<?xml version="1.0" encoding="UTF-8"?>
<testng-results ignored="0" total="1" passed="1" failed="0" skipped="0">
  <reporter-output>
  </reporter-output>
  <suite started-at="2023-01-24T14:18:33 IST" name="Default suite" finished-at="2023-01-24T14:18:47 IST" duration-ms="13750">
    <groups>
    </groups>
    <test started-at="2023-01-24T14:18:33 IST" name="Default test" finished-at="2023-01-24T14:18:47 IST" duration-ms="13750">
      <class name="Test.LoginTest">
        <test-method is-config="true" signature="setUp()[pri:0, instance:Test.LoginTest@e7edb54]" started-at="2023-01-24T14:18:33 IST" name="setUp" finished-at="2023-01-24T14:18:38 IST" duration-ms="4690" status="PASS">
          <reporter-output>
          </reporter-output>
        </test-method> <!-- setUp -->
        <test-method signature="Login()[pri:0, instance:Test.LoginTest@e7edb54]" started-at="2023-01-24T14:18:38 IST" name="Login" finished-at="2023-01-24T14:18:47 IST" duration-ms="9012" status="PASS">
          <reporter-output>
          </reporter-output>
        </test-method> <!-- Login -->
      </class> <!-- Test.LoginTest -->
    </test> <!-- Default test -->
  </suite> <!-- Default suite -->
</testng-results>
